# JRE version: OpenJDK Runtime Environment (8.0_76-b03) (build 1.8.0_76-release-b03)
# Java VM: OpenJDK 64-Bit Server VM (25.76-b03 mixed mode windows-amd64 compressed oops)
Heap:
 PSYoungGen      total 409088K, used 254278K [0x00000000e0000000, 0x0000000100000000, 0x0000000100000000)
  eden space 357376K, 56% used [0x00000000e0000000,0x00000000ec5d3228,0x00000000f5d00000)
  from space 51712K, 99% used [0x00000000fcd80000,0x00000000ffffe6a0,0x0000000100000000)
  to   space 83456K, 0% used [0x00000000f5d00000,0x00000000f5d00000,0x00000000fae80000)
 ParOldGen       total 191488K, used 127419K [0x00000000a0000000, 0x00000000abb00000, 0x00000000e0000000)
  object space 191488K, 66% used [0x00000000a0000000,0x00000000a7c6ee18,0x00000000abb00000)
 Metaspace       used 83669K, capacity 92386K, committed 92928K, reserved 1130496K
  class space    used 10690K, capacity 11476K, committed 11776K, reserved 1048576K
GC Heap History (10 events):
Event: 19645.477 GC heap before
{Heap before GC invocations=201 (full 51):
 PSYoungGen      total 471552K, used 26576K [0x00000000e0000000, 0x00000000ffe00000, 0x0000000100000000)
  eden space 425472K, 0% used [0x00000000e0000000,0x00000000e0000000,0x00000000f9f80000)
  from space 46080K, 57% used [0x00000000fce00000,0x00000000fe7f41e0,0x00000000ffb00000)
  to   space 47616K, 0% used [0x00000000f9f80000,0x00000000f9f80000,0x00000000fce00000)
 ParOldGen       total 191488K, used 48500K [0x00000000a0000000, 0x00000000abb00000, 0x00000000e0000000)
  object space 191488K, 25% used [0x00000000a0000000,0x00000000a2f5d328,0x00000000abb00000)
 Metaspace       used 82931K, capacity 91570K, committed 92160K, reserved 1130496K
  class space    used 10562K, capacity 11332K, committed 11776K, reserved 1048576K
Event: 19645.756 GC heap after
Heap after GC invocations=201 (full 51):
 PSYoungGen      total 471552K, used 0K [0x00000000e0000000, 0x00000000ffe00000, 0x0000000100000000)
  eden space 425472K, 0% used [0x00000000e0000000,0x00000000e0000000,0x00000000f9f80000)
  from space 46080K, 0% used [0x00000000fce00000,0x00000000fce00000,0x00000000ffb00000)
  to   space 47616K, 0% used [0x00000000f9f80000,0x00000000f9f80000,0x00000000fce00000)
 ParOldGen       total 191488K, used 70655K [0x00000000a0000000, 0x00000000abb00000, 0x00000000e0000000)
  object space 191488K, 36% used [0x00000000a0000000,0x00000000a44ffdb8,0x00000000abb00000)
 Metaspace       used 82931K, capacity 91570K, committed 92160K, reserved 1130496K
  class space    used 10562K, capacity 11332K, committed 11776K, reserved 1048576K
}
Event: 19669.763 GC heap before
{Heap before GC invocations=202 (full 51):
 PSYoungGen      total 471552K, used 424861K [0x00000000e0000000, 0x00000000ffe00000, 0x0000000100000000)
  eden space 425472K, 99% used [0x00000000e0000000,0x00000000f9ee77b0,0x00000000f9f80000)
  from space 46080K, 0% used [0x00000000fce00000,0x00000000fce00000,0x00000000ffb00000)
  to   space 47616K, 0% used [0x00000000f9f80000,0x00000000f9f80000,0x00000000fce00000)
 ParOldGen       total 191488K, used 70655K [0x00000000a0000000, 0x00000000abb00000, 0x00000000e0000000)
  object space 191488K, 36% used [0x00000000a0000000,0x00000000a44ffdb8,0x00000000abb00000)
 Metaspace       used 82986K, capacity 91658K, committed 92416K, reserved 1130496K
  class space    used 10570K, capacity 11340K, committed 11776K, reserved 1048576K
Event: 19669.777 GC heap after
Heap after GC invocations=202 (full 51):
 PSYoungGen      total 473088K, used 8655K [0x00000000e0000000, 0x00000000ffd80000, 0x0000000100000000)
  eden space 425472K, 0% used [0x00000000e0000000,0x00000000e0000000,0x00000000f9f80000)
  from space 47616K, 18% used [0x00000000f9f80000,0x00000000fa7f3de0,0x00000000fce00000)
  to   space 45568K, 0% used [0x00000000fd100000,0x00000000fd100000,0x00000000ffd80000)
 ParOldGen       total 191488K, used 70655K [0x00000000a0000000, 0x00000000abb00000, 0x00000000e0000000)
  object space 191488K, 36% used [0x00000000a0000000,0x00000000a44ffdb8,0x00000000abb00000)
 Metaspace       used 82986K, capacity 91658K, committed 92416K, reserved 1130496K
  class space    used 10570K, capacity 11340K, committed 11776K, reserved 1048576K
}
Event: 19670.791 GC heap before
{Heap before GC invocations=203 (full 51):
 PSYoungGen      total 473088K, used 434127K [0x00000000e0000000, 0x00000000ffd80000, 0x0000000100000000)
  eden space 425472K, 100% used [0x00000000e0000000,0x00000000f9f80000,0x00000000f9f80000)
  from space 47616K, 18% used [0x00000000f9f80000,0x00000000fa7f3de0,0x00000000fce00000)
  to   space 45568K, 0% used [0x00000000fd100000,0x00000000fd100000,0x00000000ffd80000)
 ParOldGen       total 191488K, used 70655K [0x00000000a0000000, 0x00000000abb00000, 0x00000000e0000000)
  object space 191488K, 36% used [0x00000000a0000000,0x00000000a44ffdb8,0x00000000abb00000)
 Metaspace       used 83659K, capacity 92386K, committed 92928K, reserved 1130496K
  class space    used 10690K, capacity 11476K, committed 11776K, reserved 1048576K
Event: 19670.819 GC heap after
Heap after GC invocations=203 (full 51):
 PSYoungGen      total 470528K, used 33510K [0x00000000e0000000, 0x0000000100000000, 0x0000000100000000)
  eden space 424960K, 0% used [0x00000000e0000000,0x00000000e0000000,0x00000000f9f00000)
  from space 45568K, 73% used [0x00000000fd100000,0x00000000ff1b99b8,0x00000000ffd80000)
  to   space 49664K, 0% used [0x00000000f9f00000,0x00000000f9f00000,0x00000000fcf80000)
 ParOldGen       total 191488K, used 75943K [0x00000000a0000000, 0x00000000abb00000, 0x00000000e0000000)
  object space 191488K, 39% used [0x00000000a0000000,0x00000000a4a29e80,0x00000000abb00000)
 Metaspace       used 83659K, capacity 92386K, committed 92928K, reserved 1130496K
  class space    used 10690K, capacity 11476K, committed 11776K, reserved 1048576K
}
Event: 19671.042 GC heap before
{Heap before GC invocations=204 (full 51):
 PSYoungGen      total 470528K, used 458470K [0x00000000e0000000, 0x0000000100000000, 0x0000000100000000)
  eden space 424960K, 100% used [0x00000000e0000000,0x00000000f9f00000,0x00000000f9f00000)
  from space 45568K, 73% used [0x00000000fd100000,0x00000000ff1b99b8,0x00000000ffd80000)
  to   space 49664K, 0% used [0x00000000f9f00000,0x00000000f9f00000,0x00000000fcf80000)
 ParOldGen       total 191488K, used 75943K [0x00000000a0000000, 0x00000000abb00000, 0x00000000e0000000)
  object space 191488K, 39% used [0x00000000a0000000,0x00000000a4a29e80,0x00000000abb00000)
 Metaspace       used 83660K, capacity 92386K, committed 92928K, reserved 1130496K
  class space    used 10690K, capacity 11476K, committed 11776K, reserved 1048576K
Event: 19671.082 GC heap after
Heap after GC invocations=204 (full 51):
 PSYoungGen      total 472576K, used 47533K [0x00000000e0000000, 0x0000000100000000, 0x0000000100000000)
  eden space 424960K, 0% used [0x00000000e0000000,0x00000000e0000000,0x00000000f9f00000)
  from space 47616K, 99% used [0x00000000f9f00000,0x00000000fcd6b770,0x00000000fcd80000)
  to   space 51712K, 0% used [0x00000000fcd80000,0x00000000fcd80000,0x0000000100000000)
 ParOldGen       total 191488K, used 82165K [0x00000000a0000000, 0x00000000abb00000, 0x00000000e0000000)
  object space 191488K, 42% used [0x00000000a0000000,0x00000000a503d458,0x00000000abb00000)
 Metaspace       used 83660K, capacity 92386K, committed 92928K, reserved 1130496K
  class space    used 10690K, capacity 11476K, committed 11776K, reserved 1048576K
}
Event: 19671.314 GC heap before
{Heap before GC invocations=205 (full 51):
 PSYoungGen      total 472576K, used 472493K [0x00000000e0000000, 0x0000000100000000, 0x0000000100000000)
  eden space 424960K, 100% used [0x00000000e0000000,0x00000000f9f00000,0x00000000f9f00000)
  from space 47616K, 99% used [0x00000000f9f00000,0x00000000fcd6b770,0x00000000fcd80000)
  to   space 51712K, 0% used [0x00000000fcd80000,0x00000000fcd80000,0x0000000100000000)
 ParOldGen       total 191488K, used 82165K [0x00000000a0000000, 0x00000000abb00000, 0x00000000e0000000)
  object space 191488K, 42% used [0x00000000a0000000,0x00000000a503d458,0x00000000abb00000)
 Metaspace       used 83669K, capacity 92386K, committed 92928K, reserved 1130496K
  class space    used 10690K, capacity 11476K, committed 11776K, reserved 1048576K
Event: 19671.375 GC heap after
Heap after GC invocations=205 (full 51):
 PSYoungGen      total 409088K, used 51705K [0x00000000e0000000, 0x0000000100000000, 0x0000000100000000)
  eden space 357376K, 0% used [0x00000000e0000000,0x00000000e0000000,0x00000000f5d00000)
  from space 51712K, 99% used [0x00000000fcd80000,0x00000000ffffe6a0,0x0000000100000000)
  to   space 83456K, 0% used [0x00000000f5d00000,0x00000000f5d00000,0x00000000fae80000)
 ParOldGen       total 191488K, used 127419K [0x00000000a0000000, 0x00000000abb00000, 0x00000000e0000000)
  object space 191488K, 66% used [0x00000000a0000000,0x00000000a7c6ee18,0x00000000abb00000)
 Metaspace       used 83669K, capacity 92386K, committed 92928K, reserved 1130496K
  class space    used 10690K, capacity 11476K, committed 11776K, reserved 1048576K
}

